======================================================================
2MM BENCHMARK
======================================================================
Julia version: 1.11.4
Threads: 1
BLAS threads: 4
CPU threads: 32
Dataset: LARGE (ni=800, nj=900, nk=1100, nl=1200)
Memory: 35.32 MB
FLOPs: 3312960000 (3.31 GFLOPs)

------------------------------------------------------------------------------------------
Strategy         |    Min(ms) | Median(ms) |   Mean(ms) |  GFLOP/s |  Speedup | Eff(%)
------------------------------------------------------------------------------------------
sequential       |   2397.823 |   2398.801 |   2399.000 |     1.38 |     1.00x |  100.0
threads_static   |   2385.588 |   2401.781 |   2397.287 |     1.39 |     1.01x |  100.5
threads_dynamic  |   2400.385 |   2400.557 |   2401.064 |     1.38 |     1.00x |   99.9
tiled            |   2334.275 |   2335.330 |   2335.427 |     1.42 |     1.03x |  102.7
blas             |     25.639 |     25.676 |     25.746 |   129.22 |    93.52x | 9352.2
tasks            |   2400.998 |   2401.276 |   2401.591 |     1.38 |     1.00x |   99.9
------------------------------------------------------------------------------------------
Results exported to: results/2mm_LARGE_20251224_185134.csv
