======================================================================
2MM BENCHMARK
======================================================================
Julia version: 1.11.4
Threads: 1
BLAS threads: 4
CPU threads: 32
Dataset: LARGE (ni=800, nj=900, nk=1100, nl=1200)
Memory: 35.32 MB
FLOPs: 3312960000 (3.31 GFLOPs)

------------------------------------------------------------------------------------------
Strategy         |    Min(ms) | Median(ms) |   Mean(ms) |  GFLOP/s |  Speedup | Eff(%)
------------------------------------------------------------------------------------------
sequential       |   2387.854 |   2390.026 |   2393.689 |     1.39 |     1.00x |  100.0
threads_static   |   2349.845 |   2395.044 |   2380.681 |     1.41 |     1.02x |  101.6
threads_dynamic  |   2398.857 |   2401.507 |   2407.145 |     1.38 |     1.00x |   99.5
tiled            |   2333.918 |   2335.150 |   2335.030 |     1.42 |     1.02x |  102.3
blas             |     24.325 |     24.853 |     24.782 |   136.20 |    98.17x | 9816.5
tasks            |   2401.352 |   2401.658 |   2401.910 |     1.38 |     0.99x |   99.4
------------------------------------------------------------------------------------------
Results exported to: results/2mm_LARGE_20251224_200744.csv
