======================================================================
2MM BENCHMARK
======================================================================
Julia version: 1.11.4
Threads: 32
BLAS threads: 1
CPU threads: 32
Dataset: EXTRALARGE (ni=1600, nj=1800, nk=2200, nl=2400)
Memory: 141.30 MB
FLOPs: 26499840000 (26.50 GFLOPs)

------------------------------------------------------------------------------------------
Strategy         |    Min(ms) | Median(ms) |   Mean(ms) |  GFLOP/s |  Speedup | Eff(%)
------------------------------------------------------------------------------------------
sequential       |  36527.025 |  36728.038 |  36691.197 |     0.73 |     1.00x |  100.0
threads_static   |   2629.323 |   2632.002 |   2632.847 |    10.08 |    13.89x |   43.4
threads_dynamic  |   2629.242 |   2631.984 |   2631.920 |    10.08 |    13.89x |   43.4
tiled            |   1069.048 |   1069.375 |   1086.608 |    24.79 |    34.17x |  106.8
blas             |    620.169 |    621.550 |    621.451 |    42.73 |    58.90x | 5889.8
tasks            |   2630.735 |   2634.953 |   2641.556 |    10.07 |    13.88x |   43.4
------------------------------------------------------------------------------------------
Results exported to: results/2mm_EXTRALARGE_20251224_202950.csv
