======================================================================
2MM BENCHMARK
======================================================================
Julia version: 1.11.4
Threads: 4
BLAS threads: 1
CPU threads: 32
Dataset: LARGE (ni=800, nj=900, nk=1100, nl=1200)
Memory: 35.32 MB
FLOPs: 3312960000 (3.31 GFLOPs)

------------------------------------------------------------------------------------------
Strategy         |    Min(ms) | Median(ms) |   Mean(ms) |  GFLOP/s |  Speedup | Eff(%)
------------------------------------------------------------------------------------------
sequential       |   2388.713 |   2389.174 |   2389.658 |     1.39 |     1.00x |  100.0
threads_static   |    628.948 |    657.032 |    649.727 |     5.27 |     3.80x |   94.9
threads_dynamic  |    626.725 |    629.662 |    633.467 |     5.29 |     3.81x |   95.3
tiled            |    692.158 |    692.385 |    692.405 |     4.79 |     3.45x |   86.3
blas             |     76.924 |     76.964 |     76.981 |    43.07 |    31.05x | 3105.3
tasks            |    641.073 |    646.454 |    645.327 |     5.17 |     3.73x |   93.2
------------------------------------------------------------------------------------------
Results exported to: results/2mm_LARGE_20251224_184944.csv
