======================================================================
3MM BENCHMARK
======================================================================
Julia version: 1.11.4
Threads: 4
BLAS threads: 1
CPU threads: 32
Dataset: LARGE (ni=800, nj=900, nk=1000, nl=1100, nm=1200)
Memory: 51.04 MB
FLOPs: 5400000000 (5.40 GFLOPs)

------------------------------------------------------------------------------------------
Strategy         |    Min(ms) | Median(ms) |   Mean(ms) |  GFLOP/s |  Speedup | Eff(%)
------------------------------------------------------------------------------------------
sequential       |   4241.324 |   4246.427 |   4245.676 |     1.27 |     1.00x |  100.0
threads_static   |   1203.042 |   1208.069 |   1214.729 |     4.49 |     3.53x |   88.1
threads_dynamic  |   1057.949 |   1120.209 |   1136.722 |     5.10 |     4.01x |  100.2
tiled            |   1012.771 |   1013.158 |   1013.705 |     5.33 |     4.19x |  104.7
blas             |    127.539 |    127.563 |    127.568 |    42.34 |    33.26x | 3325.5
tasks            |   1171.866 |   1193.205 |   1192.521 |     4.61 |     3.62x |   90.5
------------------------------------------------------------------------------------------
Results exported to: results/3mm_LARGE_20251224_185048.csv
