======================================================================
3MM BENCHMARK
======================================================================
Julia version: 1.11.4
Threads: 16
BLAS threads: 1
CPU threads: 32
Dataset: LARGE (ni=800, nj=900, nk=1000, nl=1100, nm=1200)
Memory: 51.04 MB
FLOPs: 5400000000 (5.40 GFLOPs)

------------------------------------------------------------------------------------------
Strategy         |    Min(ms) | Median(ms) |   Mean(ms) |  GFLOP/s |  Speedup | Eff(%)
------------------------------------------------------------------------------------------
sequential       |   4236.629 |   4247.601 |   4248.569 |     1.27 |     1.00x |  100.0
threads_static   |    327.460 |    327.560 |    327.594 |    16.49 |    12.94x |   80.9
threads_dynamic  |    327.700 |    327.881 |    331.191 |    16.48 |    12.93x |   80.8
tiled            |    314.830 |    343.877 |    338.748 |    17.15 |    13.46x |   84.1
blas             |    128.055 |    128.953 |    128.929 |    42.17 |    33.08x | 3308.5
tasks            |    354.471 |    389.881 |    387.558 |    15.23 |    11.95x |   74.7
------------------------------------------------------------------------------------------
Results exported to: results/3mm_LARGE_20251224_200606.csv
