======================================================================
3MM BENCHMARK
======================================================================
Julia version: 1.11.4
Threads: 8
BLAS threads: 1
CPU threads: 32
Dataset: LARGE (ni=800, nj=900, nk=1000, nl=1100, nm=1200)
Memory: 51.04 MB
FLOPs: 5400000000 (5.40 GFLOPs)

------------------------------------------------------------------------------------------
Strategy         |    Min(ms) | Median(ms) |   Mean(ms) |  GFLOP/s |  Speedup | Eff(%)
------------------------------------------------------------------------------------------
sequential       |   4254.923 |   4255.464 |   4256.151 |     1.27 |     1.00x |  100.0
threads_static   |    606.101 |    613.011 |    619.284 |     8.91 |     7.02x |   87.8
threads_dynamic  |    604.330 |    605.704 |    605.528 |     8.94 |     7.04x |   88.0
tiled            |    581.129 |    583.227 |    583.792 |     9.29 |     7.32x |   91.5
blas             |    127.680 |    131.213 |    130.092 |    42.29 |    33.32x | 3332.5
tasks            |    625.325 |    641.209 |    637.650 |     8.64 |     6.80x |   85.1
------------------------------------------------------------------------------------------
Results exported to: results/3mm_LARGE_20251224_200624.csv
