======================================================================
3MM BENCHMARK
======================================================================
Julia version: 1.11.4
Threads: 2
BLAS threads: 1
CPU threads: 32
Dataset: LARGE (ni=800, nj=900, nk=1000, nl=1100, nm=1200)
Memory: 51.04 MB
FLOPs: 5400000000 (5.40 GFLOPs)

------------------------------------------------------------------------------------------
Strategy         |    Min(ms) | Median(ms) |   Mean(ms) |  GFLOP/s |  Speedup | Eff(%)
------------------------------------------------------------------------------------------
sequential       |   4236.877 |   4248.349 |   4249.531 |     1.27 |     1.00x |  100.0
threads_static   |   2109.221 |   2110.697 |   2111.301 |     2.56 |     2.01x |  100.4
threads_dynamic  |   2110.039 |   2111.050 |   2111.079 |     2.56 |     2.01x |  100.4
tiled            |   1780.500 |   1781.201 |   1781.292 |     3.03 |     2.38x |  119.0
blas             |    125.267 |    125.305 |    125.305 |    43.11 |    33.82x | 3382.3
tasks            |   2107.884 |   2110.074 |   2150.280 |     2.56 |     2.01x |  100.5
------------------------------------------------------------------------------------------
Results exported to: results/3mm_LARGE_20251224_200755.csv
