======================================================================
3MM BENCHMARK
======================================================================
Julia version: 1.11.4
Threads: 8
BLAS threads: 1
CPU threads: 32
Dataset: LARGE (ni=800, nj=900, nk=1000, nl=1100, nm=1200)
Memory: 51.04 MB
FLOPs: 5400000000 (5.40 GFLOPs)

------------------------------------------------------------------------------------------
Strategy         |    Min(ms) | Median(ms) |   Mean(ms) |  GFLOP/s |  Speedup | Eff(%)
------------------------------------------------------------------------------------------
sequential       |   4252.347 |   4253.389 |   4253.819 |     1.27 |     1.00x |  100.0
threads_static   |    587.353 |    587.634 |    587.828 |     9.19 |     7.24x |   90.5
threads_dynamic  |    606.099 |    606.872 |    606.881 |     8.91 |     7.02x |   87.7
tiled            |    569.741 |    571.338 |    571.273 |     9.48 |     7.46x |   93.3
blas             |    129.412 |    130.079 |    130.687 |    41.73 |    32.86x | 3285.9
tasks            |    624.814 |    636.863 |    640.241 |     8.64 |     6.81x |   85.1
------------------------------------------------------------------------------------------
Results exported to: results/3mm_LARGE_20251224_185013.csv
