======================================================================
3MM BENCHMARK
======================================================================
Julia version: 1.11.4
Threads: 16
BLAS threads: 1
CPU threads: 32
Dataset: LARGE (ni=800, nj=900, nk=1000, nl=1100, nm=1200)
Memory: 51.04 MB
FLOPs: 5400000000 (5.40 GFLOPs)

------------------------------------------------------------------------------------------
Strategy         |    Min(ms) | Median(ms) |   Mean(ms) |  GFLOP/s |  Speedup | Eff(%)
------------------------------------------------------------------------------------------
sequential       |   4250.085 |   4256.351 |   4255.569 |     1.27 |     1.00x |  100.0
threads_static   |    327.457 |    327.587 |    327.589 |    16.49 |    12.98x |   81.1
threads_dynamic  |    327.898 |    327.995 |    328.887 |    16.47 |    12.96x |   81.0
tiled            |    315.635 |    317.364 |    320.680 |    17.11 |    13.47x |   84.2
blas             |    127.787 |    128.707 |    128.625 |    42.26 |    33.26x | 3325.9
tasks            |    348.252 |    351.648 |    354.276 |    15.51 |    12.20x |   76.3
------------------------------------------------------------------------------------------
Results exported to: results/3mm_LARGE_20251224_184957.csv
