======================================================================
JACOBI-2D STENCIL BENCHMARK
======================================================================
Julia version: 1.11.4
Threads: 1
BLAS threads: 32
CPU threads: 32
Dataset: LARGE (n=1300, tsteps=500)
Memory: 25.79 MB
NOTE: Memory-bound (arithmetic intensity ~0.83 FLOPs/byte)


------------------------------------------------------------------------------------------
Strategy         |    Min(ms) | Median(ms) |   Mean(ms) |  GFLOP/s |  Speedup | Eff(%)
------------------------------------------------------------------------------------------
sequential       |   2411.276 |   2423.757 |   2427.403 |     1.75 |     1.00x |  100.0
threads          |   2458.815 |   2468.547 |   2471.950 |     1.71 |     0.98x |   98.1
tiled            |   7546.147 |   7571.379 |   7585.638 |     0.56 |     0.32x |   32.0
redblack         |   4810.020 |   4850.186 |   4848.282 |     0.88 |     0.50x |   50.1
------------------------------------------------------------------------------------------

Memory Bandwidth:
  Estimated: 16.45 GB/s
Results exported to: results/jacobi2d_LARGE_20251224_200909.csv
