======================================================================
JACOBI-2D STENCIL BENCHMARK
======================================================================
Julia version: 1.11.4
Threads: 8
BLAS threads: 1
CPU threads: 32
Dataset: LARGE (n=1300, tsteps=500)
Memory: 25.79 MB
NOTE: Memory-bound (arithmetic intensity ~0.83 FLOPs/byte)


------------------------------------------------------------------------------------------
Strategy         |    Min(ms) | Median(ms) |   Mean(ms) |  GFLOP/s |  Speedup | Eff(%)
------------------------------------------------------------------------------------------
sequential       |   2397.652 |   2424.817 |   2422.890 |     1.76 |     1.00x |  100.0
threads          |    211.291 |    215.291 |    216.354 |    19.93 |    11.35x |  141.8
tiled            |    473.982 |    501.897 |    632.626 |     8.89 |     5.06x |   63.2
redblack         |    520.174 |    536.581 |    535.906 |     8.10 |     4.61x |   57.6
------------------------------------------------------------------------------------------

Memory Bandwidth:
  Estimated: 191.37 GB/s
Results exported to: results/jacobi2d_LARGE_20251224_184922.csv
