======================================================================
NUSSINOV RNA FOLDING BENCHMARK
======================================================================
Julia version: 1.11.4
Threads: 16
BLAS threads: 1
CPU threads: 32
Dataset: LARGE (n=2500)
Memory: 23.84 MB
NOTE: Limited parallelism due to anti-diagonal dependencies

Reference optimal score: 1250

------------------------------------------------------------------------------------------
Strategy         |    Min(ms) | Median(ms) |   Mean(ms) |  GFLOP/s |  Speedup | Eff(%)
------------------------------------------------------------------------------------------
sequential       |   3097.830 |   3142.856 |   3137.865 |     0.84 |     1.00x |  100.0
simd             |   3601.684 |   3619.952 |   3654.209 |     0.72 |     0.86x |   86.0
wavefront        |    334.310 |    634.043 |    583.514 |     7.79 |     9.27x |   57.9
tiled            |    401.184 |    423.261 |    459.708 |     6.49 |     7.72x |   48.3
------------------------------------------------------------------------------------------

Results exported to: results/nussinov_LARGE_20251224_200614.csv
